  [1m[35m (2.1ms)[0m  [1m[35mCREATE DATABASE "rentl_development" ENCODING = 'unicode'[0m
  ↳ bin/rails:9
  [1m[35m (0.7ms)[0m  [1m[35mCREATE DATABASE "rentl_test" ENCODING = 'unicode'[0m
  ↳ bin/rails:9
Started GET "/" for ::1 at 2019-08-21 11:04:58 +1000
Processing by Rails::WelcomeController#index as HTML
  Rendering /Users/cameronsugiada/.rbenv/versions/2.6.3/lib/ruby/gems/2.6.0/gems/railties-5.2.3/lib/rails/templates/rails/welcome/index.html.erb
  Rendered /Users/cameronsugiada/.rbenv/versions/2.6.3/lib/ruby/gems/2.6.0/gems/railties-5.2.3/lib/rails/templates/rails/welcome/index.html.erb (5.7ms)
Completed 200 OK in 24ms (Views: 13.0ms | ActiveRecord: 0.0ms)


Started GET "/" for ::1 at 2019-08-21 20:28:55 +1000
Processing by HomeController#index as HTML
  Rendering home/index.html.erb within layouts/application
  Rendered home/index.html.erb within layouts/application (1.1ms)
Completed 200 OK in 790ms (Views: 778.5ms | ActiveRecord: 0.0ms)


Started GET "/" for ::1 at 2019-08-21 20:29:21 +1000
Processing by HomeController#index as HTML
  Rendering home/index.html.erb within layouts/application
  Rendered home/index.html.erb within layouts/application (0.7ms)
Completed 200 OK in 73ms (Views: 71.3ms | ActiveRecord: 0.0ms)


Started GET "/" for ::1 at 2019-08-21 20:32:06 +1000
Processing by HomeController#index as HTML
  Rendering home/index.html.erb within layouts/application
  Rendered home/index.html.erb within layouts/application (3.6ms)
Completed 500 Internal Server Error in 302ms (ActiveRecord: 0.0ms)


  
ActionView::Template::Error (undefined method `user_signed_in?' for #<#<Class:0x00007fa7e9729b90>:0x00007fa7e5a0c690>):
    43:             <a class="nav-link" href="#">Team</a>
    44:           </li>
    45:         </ul>
    46:         <% if user_signed_in? %>
    47:           <%#=link_to "Profile", edit_user_registration_path, class: "btn btn-primary", style: "margin-right: 2%"%>
    48:           <%#= link_to "Logout", destroy_user_session_path, method: :delete, :class => 'navbar-link', class: "btn btn-danger" %>
    49:           <li class="nav-item dropdown btn my-2 my-sm-0">
  
app/views/layouts/application.html.erb:46:in `_app_views_layouts_application_html_erb___3870287619951008798_70179544475880'
Started GET "/" for ::1 at 2019-08-21 20:32:52 +1000
Processing by HomeController#index as HTML
  Rendering home/index.html.erb within layouts/application
  Rendered home/index.html.erb within layouts/application (0.4ms)
Completed 500 Internal Server Error in 378ms (ActiveRecord: 0.0ms)


  
ActionView::Template::Error (undefined local variable or method `resource_name' for #<#<Class:0x00007fa7e9729b90>:0x00007fa7e9773bf0>
Did you mean?  resolve_asset):
    43:             <a class="nav-link" href="#">Team</a>
    44:           </li>
    45:         </ul>
    46:         <%= link_to "#", new_registration_path(resource_name), class: "btn btn-outline-success my-2 my-sm-0" %>
    47:     </div>
    48:   </nav>
    49:   <% if !user_signed_in? %>
  
app/views/layouts/application.html.erb:46:in `_app_views_layouts_application_html_erb___3870287619951008798_70179576578440'
Started GET "/" for ::1 at 2019-08-21 20:33:08 +1000
Processing by HomeController#index as HTML
  Rendering home/index.html.erb within layouts/application
  Rendered home/index.html.erb within layouts/application (0.4ms)
Completed 500 Internal Server Error in 155ms (ActiveRecord: 0.0ms)


  
ActionView::Template::Error (undefined method `user_signed_in?' for #<#<Class:0x00007fa7e9729b90>:0x00007fa7ea409658>):
    46:         <%= link_to "#", class: "btn btn-outline-success my-2 my-sm-0" %>
    47:     </div>
    48:   </nav>
    49:   <% if !user_signed_in? %>
    50:     <div class="home_image text-center" style="padding-top: 5%">
    51:         <h1 style="color: white;"><span style="color: orange">Rentl</span> Car Sharing</h1>
    52:         <h4 style="color: white;">Victoria's Largest Car Network</h4>
  
app/views/layouts/application.html.erb:49:in `_app_views_layouts_application_html_erb___3870287619951008798_70179583201660'
Started GET "/" for ::1 at 2019-08-21 20:33:27 +1000
Processing by HomeController#index as HTML
  Rendering home/index.html.erb within layouts/application
  Rendered home/index.html.erb within layouts/application (0.3ms)
Completed 500 Internal Server Error in 64ms (ActiveRecord: 0.0ms)


  
ActionView::Template::Error (The asset "front_page.jpeg" is not present in the asset pipeline.):
    60: <style type="text/css">
    61:   .home_image {
    62: 
    63:     background-image: url(<%= asset_path 'front_page.jpeg' %>);
    64:     background-repeat: no-repeat;
    65:     height: 300px;
    66:     background-position: center center;
  
app/views/layouts/application.html.erb:63:in `_app_views_layouts_application_html_erb___3870287619951008798_70179543877080'
Started GET "/" for ::1 at 2019-08-21 20:34:36 +1000
Processing by HomeController#index as HTML
  Rendering home/index.html.erb within layouts/application
  Rendered home/index.html.erb within layouts/application (2.4ms)
Completed 200 OK in 37ms (Views: 34.2ms | ActiveRecord: 0.0ms)


Started GET "/" for ::1 at 2019-08-21 20:37:16 +1000
Processing by HomeController#index as HTML
  Rendering home/index.html.erb within layouts/application
  Rendered home/index.html.erb within layouts/application (2.2ms)
Completed 200 OK in 69ms (Views: 59.4ms | ActiveRecord: 0.0ms)


Started GET "/" for ::1 at 2019-08-21 20:39:06 +1000
Processing by HomeController#index as HTML
  Rendering home/index.html.erb within layouts/application
  Rendered home/index.html.erb within layouts/application (1.2ms)
Completed 200 OK in 2047ms (Views: 2034.2ms | ActiveRecord: 0.0ms)


Started GET "/" for ::1 at 2019-08-21 20:40:03 +1000
Processing by HomeController#index as HTML
  Rendering home/index.html.erb within layouts/application
  Rendered home/index.html.erb within layouts/application (0.5ms)
Completed 200 OK in 531ms (Views: 528.5ms | ActiveRecord: 0.0ms)


Started GET "/" for ::1 at 2019-08-21 20:40:18 +1000
Processing by HomeController#index as HTML
  Rendering home/index.html.erb within layouts/application
  Rendered home/index.html.erb within layouts/application (4.7ms)
Completed 200 OK in 361ms (Views: 347.4ms | ActiveRecord: 0.0ms)


Started GET "/" for ::1 at 2019-08-21 20:40:57 +1000
Processing by HomeController#index as HTML
  Rendering home/index.html.erb within layouts/application
  Rendered home/index.html.erb within layouts/application (0.6ms)
Completed 200 OK in 1692ms (Views: 1689.7ms | ActiveRecord: 0.0ms)


Started GET "/" for ::1 at 2019-08-21 20:41:22 +1000
Processing by HomeController#index as HTML
  Rendering home/index.html.erb within layouts/application
  Rendered home/index.html.erb within layouts/application (0.6ms)
Completed 200 OK in 65ms (Views: 63.2ms | ActiveRecord: 0.0ms)


Started GET "/" for ::1 at 2019-08-21 20:41:52 +1000
Processing by HomeController#index as HTML
  Rendering home/index.html.erb within layouts/application
  Rendered home/index.html.erb within layouts/application (0.3ms)
Completed 200 OK in 69ms (Views: 67.3ms | ActiveRecord: 0.0ms)


Started GET "/" for ::1 at 2019-08-21 20:42:27 +1000
Processing by HomeController#index as HTML
  Rendering home/index.html.erb within layouts/application
  Rendered home/index.html.erb within layouts/application (0.3ms)
Completed 200 OK in 1508ms (Views: 1506.7ms | ActiveRecord: 0.0ms)


Started GET "/" for ::1 at 2019-08-21 20:43:07 +1000
Processing by HomeController#index as HTML
  Rendering home/index.html.erb within layouts/application
  Rendered home/index.html.erb within layouts/application (0.3ms)
Completed 200 OK in 117ms (Views: 114.9ms | ActiveRecord: 0.0ms)


Started GET "/" for ::1 at 2019-08-21 20:43:48 +1000
Processing by HomeController#index as HTML
  Rendering home/index.html.erb within layouts/application
  Rendered home/index.html.erb within layouts/application (0.5ms)
Completed 200 OK in 71ms (Views: 69.7ms | ActiveRecord: 0.0ms)


Started GET "/" for ::1 at 2019-08-21 20:44:02 +1000
Processing by HomeController#index as HTML
  Rendering home/index.html.erb within layouts/application
  Rendered home/index.html.erb within layouts/application (0.8ms)
Completed 200 OK in 116ms (Views: 113.8ms | ActiveRecord: 0.0ms)


Started GET "/" for ::1 at 2019-08-21 20:51:10 +1000
Processing by HomeController#index as HTML
  Rendering home/index.html.erb within layouts/application
  Rendered home/index.html.erb within layouts/application (4.9ms)
Completed 200 OK in 170ms (Views: 160.4ms | ActiveRecord: 0.0ms)


Started GET "/" for ::1 at 2019-08-21 20:54:55 +1000
Processing by HomeController#index as HTML
  Rendering home/index.html.erb within layouts/application
  Rendered home/index.html.erb within layouts/application (5.4ms)
Completed 200 OK in 226ms (Views: 215.9ms | ActiveRecord: 0.0ms)


Started GET "/" for ::1 at 2019-08-21 20:57:26 +1000
Processing by HomeController#index as HTML
  Rendering home/index.html.erb within layouts/application
  Rendered home/index.html.erb within layouts/application (3.1ms)
Completed 200 OK in 438ms (Views: 427.5ms | ActiveRecord: 0.0ms)


Started GET "/" for ::1 at 2019-08-21 20:57:57 +1000
Processing by HomeController#index as HTML
  Rendering home/index.html.erb within layouts/application
  Rendered home/index.html.erb within layouts/application (0.5ms)
Completed 200 OK in 500ms (Views: 498.1ms | ActiveRecord: 0.0ms)


Started GET "/" for ::1 at 2019-08-21 20:58:21 +1000
Processing by HomeController#index as HTML
  Rendering home/index.html.erb within layouts/application
  Rendered home/index.html.erb within layouts/application (2.2ms)
Completed 200 OK in 73ms (Views: 69.7ms | ActiveRecord: 0.0ms)


Started GET "/" for ::1 at 2019-08-21 20:59:11 +1000
Processing by HomeController#index as HTML
  Rendering home/index.html.erb within layouts/application
  Rendered home/index.html.erb within layouts/application (0.4ms)
Completed 200 OK in 78ms (Views: 76.7ms | ActiveRecord: 0.0ms)


Started GET "/" for ::1 at 2019-08-21 21:00:49 +1000
Processing by HomeController#index as HTML
  Rendering home/index.html.erb within layouts/application
  Rendered home/index.html.erb within layouts/application (2.9ms)
Completed 200 OK in 96ms (Views: 94.0ms | ActiveRecord: 0.0ms)


Started GET "/" for ::1 at 2019-08-21 21:01:11 +1000
Processing by HomeController#index as HTML
  Rendering home/index.html.erb within layouts/application
  Rendered home/index.html.erb within layouts/application (2.2ms)
Completed 200 OK in 82ms (Views: 80.7ms | ActiveRecord: 0.0ms)


Started GET "/" for ::1 at 2019-08-21 21:01:20 +1000
Processing by HomeController#index as HTML
  Rendering home/index.html.erb within layouts/application
  Rendered home/index.html.erb within layouts/application (2.8ms)
Completed 200 OK in 63ms (Views: 60.7ms | ActiveRecord: 0.0ms)


Started GET "/" for ::1 at 2019-08-21 21:01:25 +1000
Processing by HomeController#index as HTML
  Rendering home/index.html.erb within layouts/application
  Rendered home/index.html.erb within layouts/application (3.6ms)
Completed 200 OK in 65ms (Views: 61.5ms | ActiveRecord: 0.0ms)


Started GET "/" for ::1 at 2019-08-21 21:02:01 +1000
Processing by HomeController#index as HTML
  Rendering home/index.html.erb within layouts/application
  Rendered home/index.html.erb within layouts/application (6.9ms)
Completed 200 OK in 94ms (Views: 92.0ms | ActiveRecord: 0.0ms)


Started GET "/" for ::1 at 2019-08-21 21:02:12 +1000
Processing by HomeController#index as HTML
  Rendering home/index.html.erb within layouts/application
  Rendered home/index.html.erb within layouts/application (1.9ms)
Completed 200 OK in 50ms (Views: 48.5ms | ActiveRecord: 0.0ms)


